running egg_info
creating ../../build/udm_pioneer_p3dx/udm_pioneer_p3dx.egg-info
writing ../../build/udm_pioneer_p3dx/udm_pioneer_p3dx.egg-info/PKG-INFO
writing dependency_links to ../../build/udm_pioneer_p3dx/udm_pioneer_p3dx.egg-info/dependency_links.txt
writing entry points to ../../build/udm_pioneer_p3dx/udm_pioneer_p3dx.egg-info/entry_points.txt
writing requirements to ../../build/udm_pioneer_p3dx/udm_pioneer_p3dx.egg-info/requires.txt
writing top-level names to ../../build/udm_pioneer_p3dx/udm_pioneer_p3dx.egg-info/top_level.txt
writing manifest file '../../build/udm_pioneer_p3dx/udm_pioneer_p3dx.egg-info/SOURCES.txt'
reading manifest file '../../build/udm_pioneer_p3dx/udm_pioneer_p3dx.egg-info/SOURCES.txt'
writing manifest file '../../build/udm_pioneer_p3dx/udm_pioneer_p3dx.egg-info/SOURCES.txt'
running build
running build_py
creating /home/ara/main_ws/build/udm_pioneer_p3dx/build
creating /home/ara/main_ws/build/udm_pioneer_p3dx/build/lib
creating /home/ara/main_ws/build/udm_pioneer_p3dx/build/lib/udm_pioneer_p3dx
copying udm_pioneer_p3dx/__init__.py -> /home/ara/main_ws/build/udm_pioneer_p3dx/build/lib/udm_pioneer_p3dx
running install
running install_lib
creating /home/ara/main_ws/install/udm_pioneer_p3dx/lib/python3.8/site-packages/udm_pioneer_p3dx
copying /home/ara/main_ws/build/udm_pioneer_p3dx/build/lib/udm_pioneer_p3dx/__init__.py -> /home/ara/main_ws/install/udm_pioneer_p3dx/lib/python3.8/site-packages/udm_pioneer_p3dx
byte-compiling /home/ara/main_ws/install/udm_pioneer_p3dx/lib/python3.8/site-packages/udm_pioneer_p3dx/__init__.py to __init__.cpython-38.pyc
running install_data
creating /home/ara/main_ws/install/udm_pioneer_p3dx/share/ament_index
creating /home/ara/main_ws/install/udm_pioneer_p3dx/share/ament_index/resource_index
creating /home/ara/main_ws/install/udm_pioneer_p3dx/share/ament_index/resource_index/packages
copying resource/udm_pioneer_p3dx -> /home/ara/main_ws/install/udm_pioneer_p3dx/share/ament_index/resource_index/packages
copying package.xml -> /home/ara/main_ws/install/udm_pioneer_p3dx/share/udm_pioneer_p3dx
creating /home/ara/main_ws/install/udm_pioneer_p3dx/share/udm_pioneer_p3dx/launch
copying launch/main44211.launch.py -> /home/ara/main_ws/install/udm_pioneer_p3dx/share/udm_pioneer_p3dx/launch
creating /home/ara/main_ws/install/udm_pioneer_p3dx/share/udm_pioneer_p3dx/worlds
copying worlds/feb2_scenario.world -> /home/ara/main_ws/install/udm_pioneer_p3dx/share/udm_pioneer_p3dx/worlds
creating /home/ara/main_ws/install/udm_pioneer_p3dx/share/udm_pioneer_p3dx/urdf
copying urdf/pioneer3dx.xacro -> /home/ara/main_ws/install/udm_pioneer_p3dx/share/udm_pioneer_p3dx/urdf
copying urdf/pioneer3dx_1.gazebo.xacro -> /home/ara/main_ws/install/udm_pioneer_p3dx/share/udm_pioneer_p3dx/urdf
copying urdf/pioneer3dx.gazebo.xacro -> /home/ara/main_ws/install/udm_pioneer_p3dx/share/udm_pioneer_p3dx/urdf
copying urdf/pioneer3dx_wheel.xacro -> /home/ara/main_ws/install/udm_pioneer_p3dx/share/udm_pioneer_p3dx/urdf
copying urdf/materials.xacro -> /home/ara/main_ws/install/udm_pioneer_p3dx/share/udm_pioneer_p3dx/urdf
creating /home/ara/main_ws/install/udm_pioneer_p3dx/share/udm_pioneer_p3dx/p3dx_description
creating /home/ara/main_ws/install/udm_pioneer_p3dx/share/udm_pioneer_p3dx/p3dx_description/meshes
copying p3dx_description/meshes/back_sonar.stl -> /home/ara/main_ws/install/udm_pioneer_p3dx/share/udm_pioneer_p3dx/p3dx_description/meshes
copying p3dx_description/meshes/front_sonar.stl -> /home/ara/main_ws/install/udm_pioneer_p3dx/share/udm_pioneer_p3dx/p3dx_description/meshes
copying p3dx_description/meshes/top.stl -> /home/ara/main_ws/install/udm_pioneer_p3dx/share/udm_pioneer_p3dx/p3dx_description/meshes
copying p3dx_description/meshes/left_hubcap.stl -> /home/ara/main_ws/install/udm_pioneer_p3dx/share/udm_pioneer_p3dx/p3dx_description/meshes
copying p3dx_description/meshes/right_wheel.stl -> /home/ara/main_ws/install/udm_pioneer_p3dx/share/udm_pioneer_p3dx/p3dx_description/meshes
copying p3dx_description/meshes/center_wheel.stl -> /home/ara/main_ws/install/udm_pioneer_p3dx/share/udm_pioneer_p3dx/p3dx_description/meshes
copying p3dx_description/meshes/swivel.stl -> /home/ara/main_ws/install/udm_pioneer_p3dx/share/udm_pioneer_p3dx/p3dx_description/meshes
copying p3dx_description/meshes/left_wheel.stl -> /home/ara/main_ws/install/udm_pioneer_p3dx/share/udm_pioneer_p3dx/p3dx_description/meshes
copying p3dx_description/meshes/center_hubcap.stl -> /home/ara/main_ws/install/udm_pioneer_p3dx/share/udm_pioneer_p3dx/p3dx_description/meshes
copying p3dx_description/meshes/right_hubcap.stl -> /home/ara/main_ws/install/udm_pioneer_p3dx/share/udm_pioneer_p3dx/p3dx_description/meshes
copying p3dx_description/meshes/lms100.dae -> /home/ara/main_ws/install/udm_pioneer_p3dx/share/udm_pioneer_p3dx/p3dx_description/meshes
copying p3dx_description/meshes/Coordinates -> /home/ara/main_ws/install/udm_pioneer_p3dx/share/udm_pioneer_p3dx/p3dx_description/meshes
copying p3dx_description/meshes/back_rim.stl -> /home/ara/main_ws/install/udm_pioneer_p3dx/share/udm_pioneer_p3dx/p3dx_description/meshes
copying p3dx_description/meshes/front_rim.stl -> /home/ara/main_ws/install/udm_pioneer_p3dx/share/udm_pioneer_p3dx/p3dx_description/meshes
copying p3dx_description/meshes/chassis.stl -> /home/ara/main_ws/install/udm_pioneer_p3dx/share/udm_pioneer_p3dx/p3dx_description/meshes
creating /home/ara/main_ws/install/udm_pioneer_p3dx/share/udm_pioneer_p3dx/p3dx_gazebo
copying p3dx_gazebo/robots44211.launch.py -> /home/ara/main_ws/install/udm_pioneer_p3dx/share/udm_pioneer_p3dx/p3dx_gazebo
copying p3dx_gazebo/one_robot.launch.py -> /home/ara/main_ws/install/udm_pioneer_p3dx/share/udm_pioneer_p3dx/p3dx_gazebo
running install_egg_info
Copying ../../build/udm_pioneer_p3dx/udm_pioneer_p3dx.egg-info to /home/ara/main_ws/install/udm_pioneer_p3dx/lib/python3.8/site-packages/udm_pioneer_p3dx-0.0.0-py3.8.egg-info
running install_scripts
writing list of installed files to '/home/ara/main_ws/build/udm_pioneer_p3dx/install.log'
