[0.558s] Invoking command in '/home/ara/main_ws/src/udm_pioneer_p3dx': PYTHONPATH=/home/ara/main_ws/build/udm_pioneer_p3dx/prefix_override:/home/ara/main_ws/install/udm_pioneer_p3dx/lib/python3.8/site-packages: /usr/bin/python3 -W ignore:setup.py install is deprecated setup.py egg_info --egg-base ../../build/udm_pioneer_p3dx build --build-base /home/ara/main_ws/build/udm_pioneer_p3dx/build install --record /home/ara/main_ws/build/udm_pioneer_p3dx/install.log --install-scripts $base/lib/udm_pioneer_p3dx --single-version-externally-managed install_data
[0.724s] running egg_info
[0.725s] creating ../../build/udm_pioneer_p3dx/udm_pioneer_p3dx.egg-info
[0.725s] writing ../../build/udm_pioneer_p3dx/udm_pioneer_p3dx.egg-info/PKG-INFO
[0.726s] writing dependency_links to ../../build/udm_pioneer_p3dx/udm_pioneer_p3dx.egg-info/dependency_links.txt
[0.726s] writing entry points to ../../build/udm_pioneer_p3dx/udm_pioneer_p3dx.egg-info/entry_points.txt
[0.726s] writing requirements to ../../build/udm_pioneer_p3dx/udm_pioneer_p3dx.egg-info/requires.txt
[0.726s] writing top-level names to ../../build/udm_pioneer_p3dx/udm_pioneer_p3dx.egg-info/top_level.txt
[0.728s] writing manifest file '../../build/udm_pioneer_p3dx/udm_pioneer_p3dx.egg-info/SOURCES.txt'
[0.765s] reading manifest file '../../build/udm_pioneer_p3dx/udm_pioneer_p3dx.egg-info/SOURCES.txt'
[0.766s] writing manifest file '../../build/udm_pioneer_p3dx/udm_pioneer_p3dx.egg-info/SOURCES.txt'
[0.767s] running build
[0.767s] running build_py
[0.767s] creating /home/ara/main_ws/build/udm_pioneer_p3dx/build
[0.767s] creating /home/ara/main_ws/build/udm_pioneer_p3dx/build/lib
[0.768s] creating /home/ara/main_ws/build/udm_pioneer_p3dx/build/lib/udm_pioneer_p3dx
[0.768s] copying udm_pioneer_p3dx/__init__.py -> /home/ara/main_ws/build/udm_pioneer_p3dx/build/lib/udm_pioneer_p3dx
[0.768s] running install
[0.769s] running install_lib
[0.770s] creating /home/ara/main_ws/install/udm_pioneer_p3dx/lib/python3.8/site-packages/udm_pioneer_p3dx
[0.770s] copying /home/ara/main_ws/build/udm_pioneer_p3dx/build/lib/udm_pioneer_p3dx/__init__.py -> /home/ara/main_ws/install/udm_pioneer_p3dx/lib/python3.8/site-packages/udm_pioneer_p3dx
[0.771s] byte-compiling /home/ara/main_ws/install/udm_pioneer_p3dx/lib/python3.8/site-packages/udm_pioneer_p3dx/__init__.py to __init__.cpython-38.pyc
[0.772s] running install_data
[0.772s] creating /home/ara/main_ws/install/udm_pioneer_p3dx/share/ament_index
[0.772s] creating /home/ara/main_ws/install/udm_pioneer_p3dx/share/ament_index/resource_index
[0.773s] creating /home/ara/main_ws/install/udm_pioneer_p3dx/share/ament_index/resource_index/packages
[0.773s] copying resource/udm_pioneer_p3dx -> /home/ara/main_ws/install/udm_pioneer_p3dx/share/ament_index/resource_index/packages
[0.773s] copying package.xml -> /home/ara/main_ws/install/udm_pioneer_p3dx/share/udm_pioneer_p3dx
[0.773s] creating /home/ara/main_ws/install/udm_pioneer_p3dx/share/udm_pioneer_p3dx/launch
[0.774s] copying launch/main44211.launch.py -> /home/ara/main_ws/install/udm_pioneer_p3dx/share/udm_pioneer_p3dx/launch
[0.774s] creating /home/ara/main_ws/install/udm_pioneer_p3dx/share/udm_pioneer_p3dx/worlds
[0.774s] copying worlds/feb2_scenario.world -> /home/ara/main_ws/install/udm_pioneer_p3dx/share/udm_pioneer_p3dx/worlds
[0.774s] creating /home/ara/main_ws/install/udm_pioneer_p3dx/share/udm_pioneer_p3dx/urdf
[0.774s] copying urdf/pioneer3dx.xacro -> /home/ara/main_ws/install/udm_pioneer_p3dx/share/udm_pioneer_p3dx/urdf
[0.775s] copying urdf/pioneer3dx_1.gazebo.xacro -> /home/ara/main_ws/install/udm_pioneer_p3dx/share/udm_pioneer_p3dx/urdf
[0.775s] copying urdf/pioneer3dx.gazebo.xacro -> /home/ara/main_ws/install/udm_pioneer_p3dx/share/udm_pioneer_p3dx/urdf
[0.775s] copying urdf/pioneer3dx_wheel.xacro -> /home/ara/main_ws/install/udm_pioneer_p3dx/share/udm_pioneer_p3dx/urdf
[0.775s] copying urdf/materials.xacro -> /home/ara/main_ws/install/udm_pioneer_p3dx/share/udm_pioneer_p3dx/urdf
[0.776s] creating /home/ara/main_ws/install/udm_pioneer_p3dx/share/udm_pioneer_p3dx/p3dx_description
[0.776s] creating /home/ara/main_ws/install/udm_pioneer_p3dx/share/udm_pioneer_p3dx/p3dx_description/meshes
[0.776s] copying p3dx_description/meshes/back_sonar.stl -> /home/ara/main_ws/install/udm_pioneer_p3dx/share/udm_pioneer_p3dx/p3dx_description/meshes
[0.776s] copying p3dx_description/meshes/front_sonar.stl -> /home/ara/main_ws/install/udm_pioneer_p3dx/share/udm_pioneer_p3dx/p3dx_description/meshes
[0.776s] copying p3dx_description/meshes/top.stl -> /home/ara/main_ws/install/udm_pioneer_p3dx/share/udm_pioneer_p3dx/p3dx_description/meshes
[0.777s] copying p3dx_description/meshes/left_hubcap.stl -> /home/ara/main_ws/install/udm_pioneer_p3dx/share/udm_pioneer_p3dx/p3dx_description/meshes
[0.777s] copying p3dx_description/meshes/right_wheel.stl -> /home/ara/main_ws/install/udm_pioneer_p3dx/share/udm_pioneer_p3dx/p3dx_description/meshes
[0.777s] copying p3dx_description/meshes/center_wheel.stl -> /home/ara/main_ws/install/udm_pioneer_p3dx/share/udm_pioneer_p3dx/p3dx_description/meshes
[0.777s] copying p3dx_description/meshes/swivel.stl -> /home/ara/main_ws/install/udm_pioneer_p3dx/share/udm_pioneer_p3dx/p3dx_description/meshes
[0.778s] copying p3dx_description/meshes/left_wheel.stl -> /home/ara/main_ws/install/udm_pioneer_p3dx/share/udm_pioneer_p3dx/p3dx_description/meshes
[0.778s] copying p3dx_description/meshes/center_hubcap.stl -> /home/ara/main_ws/install/udm_pioneer_p3dx/share/udm_pioneer_p3dx/p3dx_description/meshes
[0.778s] copying p3dx_description/meshes/right_hubcap.stl -> /home/ara/main_ws/install/udm_pioneer_p3dx/share/udm_pioneer_p3dx/p3dx_description/meshes
[0.778s] copying p3dx_description/meshes/lms100.dae -> /home/ara/main_ws/install/udm_pioneer_p3dx/share/udm_pioneer_p3dx/p3dx_description/meshes
[0.779s] copying p3dx_description/meshes/Coordinates -> /home/ara/main_ws/install/udm_pioneer_p3dx/share/udm_pioneer_p3dx/p3dx_description/meshes
[0.779s] copying p3dx_description/meshes/back_rim.stl -> /home/ara/main_ws/install/udm_pioneer_p3dx/share/udm_pioneer_p3dx/p3dx_description/meshes
[0.780s] copying p3dx_description/meshes/front_rim.stl -> /home/ara/main_ws/install/udm_pioneer_p3dx/share/udm_pioneer_p3dx/p3dx_description/meshes
[0.781s] copying p3dx_description/meshes/chassis.stl -> /home/ara/main_ws/install/udm_pioneer_p3dx/share/udm_pioneer_p3dx/p3dx_description/meshes
[0.781s] creating /home/ara/main_ws/install/udm_pioneer_p3dx/share/udm_pioneer_p3dx/p3dx_gazebo
[0.781s] copying p3dx_gazebo/robots44211.launch.py -> /home/ara/main_ws/install/udm_pioneer_p3dx/share/udm_pioneer_p3dx/p3dx_gazebo
[0.782s] copying p3dx_gazebo/one_robot.launch.py -> /home/ara/main_ws/install/udm_pioneer_p3dx/share/udm_pioneer_p3dx/p3dx_gazebo
[0.782s] running install_egg_info
[0.787s] Copying ../../build/udm_pioneer_p3dx/udm_pioneer_p3dx.egg-info to /home/ara/main_ws/install/udm_pioneer_p3dx/lib/python3.8/site-packages/udm_pioneer_p3dx-0.0.0-py3.8.egg-info
[0.789s] running install_scripts
[0.807s] writing list of installed files to '/home/ara/main_ws/build/udm_pioneer_p3dx/install.log'
[0.834s] Invoked command in '/home/ara/main_ws/src/udm_pioneer_p3dx' returned '0': PYTHONPATH=/home/ara/main_ws/build/udm_pioneer_p3dx/prefix_override:/home/ara/main_ws/install/udm_pioneer_p3dx/lib/python3.8/site-packages: /usr/bin/python3 -W ignore:setup.py install is deprecated setup.py egg_info --egg-base ../../build/udm_pioneer_p3dx build --build-base /home/ara/main_ws/build/udm_pioneer_p3dx/build install --record /home/ara/main_ws/build/udm_pioneer_p3dx/install.log --install-scripts $base/lib/udm_pioneer_p3dx --single-version-externally-managed install_data
