[2.806s] Invoking command in '/home/ara/main_ws/src/udm_pioneer_p3dx': PYTHONPATH=/home/ara/main_ws/build/udm_pioneer_p3dx/prefix_override:/home/ara/main_ws/install/udm_pioneer_p3dx/lib/python3.8/site-packages:${PYTHONPATH} /usr/bin/python3 -W ignore:setup.py install is deprecated setup.py egg_info --egg-base ../../build/udm_pioneer_p3dx build --build-base /home/ara/main_ws/build/udm_pioneer_p3dx/build install --record /home/ara/main_ws/build/udm_pioneer_p3dx/install.log --install-scripts $base/lib/udm_pioneer_p3dx --single-version-externally-managed install_data
[4.000s] running egg_info
[4.012s] writing ../../build/udm_pioneer_p3dx/udm_pioneer_p3dx.egg-info/PKG-INFO
[4.014s] writing dependency_links to ../../build/udm_pioneer_p3dx/udm_pioneer_p3dx.egg-info/dependency_links.txt
[4.017s] writing entry points to ../../build/udm_pioneer_p3dx/udm_pioneer_p3dx.egg-info/entry_points.txt
[4.018s] writing requirements to ../../build/udm_pioneer_p3dx/udm_pioneer_p3dx.egg-info/requires.txt
[4.023s] writing top-level names to ../../build/udm_pioneer_p3dx/udm_pioneer_p3dx.egg-info/top_level.txt
[4.237s] reading manifest file '../../build/udm_pioneer_p3dx/udm_pioneer_p3dx.egg-info/SOURCES.txt'
[4.250s] writing manifest file '../../build/udm_pioneer_p3dx/udm_pioneer_p3dx.egg-info/SOURCES.txt'
[4.251s] running build
[4.251s] running build_py
[4.251s] running install
[4.254s] running install_lib
[4.264s] running install_data
[4.277s] running install_egg_info
[4.296s] removing '/home/ara/main_ws/install/udm_pioneer_p3dx/lib/python3.8/site-packages/udm_pioneer_p3dx-0.0.0-py3.8.egg-info' (and everything under it)
[4.326s] Copying ../../build/udm_pioneer_p3dx/udm_pioneer_p3dx.egg-info to /home/ara/main_ws/install/udm_pioneer_p3dx/lib/python3.8/site-packages/udm_pioneer_p3dx-0.0.0-py3.8.egg-info
[4.326s] running install_scripts
[4.449s] writing list of installed files to '/home/ara/main_ws/build/udm_pioneer_p3dx/install.log'
[4.603s] Invoked command in '/home/ara/main_ws/src/udm_pioneer_p3dx' returned '0': PYTHONPATH=/home/ara/main_ws/build/udm_pioneer_p3dx/prefix_override:/home/ara/main_ws/install/udm_pioneer_p3dx/lib/python3.8/site-packages:${PYTHONPATH} /usr/bin/python3 -W ignore:setup.py install is deprecated setup.py egg_info --egg-base ../../build/udm_pioneer_p3dx build --build-base /home/ara/main_ws/build/udm_pioneer_p3dx/build install --record /home/ara/main_ws/build/udm_pioneer_p3dx/install.log --install-scripts $base/lib/udm_pioneer_p3dx --single-version-externally-managed install_data
