[0.903s] Invoking command in '/home/ara/main_ws/src/udm_pioneer_p3dx': PYTHONPATH=/home/ara/main_ws/build/udm_pioneer_p3dx/prefix_override:/home/ara/main_ws/install/udm_pioneer_p3dx/lib/python3.8/site-packages:${PYTHONPATH} /usr/bin/python3 -W ignore:setup.py install is deprecated setup.py egg_info --egg-base ../../build/udm_pioneer_p3dx build --build-base /home/ara/main_ws/build/udm_pioneer_p3dx/build install --record /home/ara/main_ws/build/udm_pioneer_p3dx/install.log --install-scripts $base/lib/udm_pioneer_p3dx --single-version-externally-managed install_data
[1.140s] running egg_info
[1.147s] writing ../../build/udm_pioneer_p3dx/udm_pioneer_p3dx.egg-info/PKG-INFO
[1.150s] writing dependency_links to ../../build/udm_pioneer_p3dx/udm_pioneer_p3dx.egg-info/dependency_links.txt
[1.150s] writing entry points to ../../build/udm_pioneer_p3dx/udm_pioneer_p3dx.egg-info/entry_points.txt
[1.150s] writing requirements to ../../build/udm_pioneer_p3dx/udm_pioneer_p3dx.egg-info/requires.txt
[1.152s] writing top-level names to ../../build/udm_pioneer_p3dx/udm_pioneer_p3dx.egg-info/top_level.txt
[1.191s] reading manifest file '../../build/udm_pioneer_p3dx/udm_pioneer_p3dx.egg-info/SOURCES.txt'
[1.193s] writing manifest file '../../build/udm_pioneer_p3dx/udm_pioneer_p3dx.egg-info/SOURCES.txt'
[1.193s] running build
[1.194s] running build_py
[1.195s] running install
[1.197s] running install_lib
[1.198s] running install_data
[1.199s] running install_egg_info
[1.201s] removing '/home/ara/main_ws/install/udm_pioneer_p3dx/lib/python3.8/site-packages/udm_pioneer_p3dx-0.0.0-py3.8.egg-info' (and everything under it)
[1.217s] Copying ../../build/udm_pioneer_p3dx/udm_pioneer_p3dx.egg-info to /home/ara/main_ws/install/udm_pioneer_p3dx/lib/python3.8/site-packages/udm_pioneer_p3dx-0.0.0-py3.8.egg-info
[1.217s] running install_scripts
[1.232s] writing list of installed files to '/home/ara/main_ws/build/udm_pioneer_p3dx/install.log'
[1.269s] Invoked command in '/home/ara/main_ws/src/udm_pioneer_p3dx' returned '0': PYTHONPATH=/home/ara/main_ws/build/udm_pioneer_p3dx/prefix_override:/home/ara/main_ws/install/udm_pioneer_p3dx/lib/python3.8/site-packages:${PYTHONPATH} /usr/bin/python3 -W ignore:setup.py install is deprecated setup.py egg_info --egg-base ../../build/udm_pioneer_p3dx build --build-base /home/ara/main_ws/build/udm_pioneer_p3dx/build install --record /home/ara/main_ws/build/udm_pioneer_p3dx/install.log --install-scripts $base/lib/udm_pioneer_p3dx --single-version-externally-managed install_data
