[0.779s] DEBUG:colcon:Command line arguments: ['/usr/bin/colcon', 'build']
[0.779s] DEBUG:colcon:Parsed command line arguments: Namespace(allow_overriding=[], ament_cmake_args=None, base_paths=['.'], build_base='build', catkin_cmake_args=None, catkin_skip_building_tests=False, cmake_args=None, cmake_clean_cache=False, cmake_clean_first=False, cmake_force_configure=False, cmake_target=None, cmake_target_skip_unavailable=False, continue_on_error=False, event_handlers=None, executor='parallel', ignore_user_meta=False, install_base='install', log_base=None, log_level=None, main=<bound method BuildVerb.main of <colcon_core.verb.build.BuildVerb object at 0x7fb5df6d56d0>>, merge_install=False, metas=['./colcon.meta'], mixin=None, mixin_files=None, mixin_verb=('build',), packages_above=None, packages_above_and_dependencies=None, packages_above_depth=None, packages_end=None, packages_ignore=None, packages_ignore_regex=None, packages_select=None, packages_select_build_failed=False, packages_select_by_dep=None, packages_select_regex=None, packages_select_test_failures=False, packages_skip=None, packages_skip_build_finished=False, packages_skip_by_dep=None, packages_skip_regex=None, packages_skip_test_passed=False, packages_skip_up_to=None, packages_start=None, packages_up_to=None, packages_up_to_regex=None, parallel_workers=1, paths=None, symlink_install=False, test_result_base=None, verb_extension=<colcon_core.verb.build.BuildVerb object at 0x7fb5df6d56d0>, verb_name='build', verb_parser=<colcon_mixin.mixin.mixin_argument.MixinArgumentDecorator object at 0x7fb5df5b0940>)
[1.324s] Level 1:colcon.colcon_core.package_discovery:discover_packages(colcon_meta) check parameters
[1.324s] Level 1:colcon.colcon_core.package_discovery:discover_packages(recursive) check parameters
[1.324s] Level 1:colcon.colcon_core.package_discovery:discover_packages(ignore) check parameters
[1.324s] Level 1:colcon.colcon_core.package_discovery:discover_packages(path) check parameters
[1.324s] Level 1:colcon.colcon_core.package_discovery:discover_packages(colcon_meta) discover
[1.324s] Level 1:colcon.colcon_core.package_discovery:discover_packages(recursive) discover
[1.324s] INFO:colcon.colcon_core.package_discovery:Crawling recursively for packages in '/home/ara/main_ws'
[1.324s] Level 1:colcon.colcon_core.package_identification:_identify(.) by extensions ['ignore', 'ignore_ament_install']
[1.324s] Level 1:colcon.colcon_core.package_identification:_identify(.) by extension 'ignore'
[1.324s] Level 1:colcon.colcon_core.package_identification:_identify(.) by extension 'ignore_ament_install'
[1.324s] Level 1:colcon.colcon_core.package_identification:_identify(.) by extensions ['colcon_pkg']
[1.324s] Level 1:colcon.colcon_core.package_identification:_identify(.) by extension 'colcon_pkg'
[1.325s] Level 1:colcon.colcon_core.package_identification:_identify(.) by extensions ['colcon_meta']
[1.325s] Level 1:colcon.colcon_core.package_identification:_identify(.) by extension 'colcon_meta'
[1.325s] Level 1:colcon.colcon_core.package_identification:_identify(.) by extensions ['ros']
[1.325s] Level 1:colcon.colcon_core.package_identification:_identify(.) by extension 'ros'
[1.361s] Level 1:colcon.colcon_core.package_identification:_identify(.) by extensions ['cmake', 'python']
[1.361s] Level 1:colcon.colcon_core.package_identification:_identify(.) by extension 'cmake'
[1.361s] Level 1:colcon.colcon_core.package_identification:_identify(.) by extension 'python'
[1.361s] Level 1:colcon.colcon_core.package_identification:_identify(.) by extensions ['python_setup_py']
[1.361s] Level 1:colcon.colcon_core.package_identification:_identify(.) by extension 'python_setup_py'
[1.362s] Level 1:colcon.colcon_core.package_identification:_identify(build) by extensions ['ignore', 'ignore_ament_install']
[1.362s] Level 1:colcon.colcon_core.package_identification:_identify(build) by extension 'ignore'
[1.362s] Level 1:colcon.colcon_core.package_identification:_identify(build) ignored
[1.362s] Level 1:colcon.colcon_core.package_identification:_identify(install) by extensions ['ignore', 'ignore_ament_install']
[1.362s] Level 1:colcon.colcon_core.package_identification:_identify(install) by extension 'ignore'
[1.362s] Level 1:colcon.colcon_core.package_identification:_identify(install) ignored
[1.362s] Level 1:colcon.colcon_core.package_identification:_identify(log) by extensions ['ignore', 'ignore_ament_install']
[1.362s] Level 1:colcon.colcon_core.package_identification:_identify(log) by extension 'ignore'
[1.377s] Level 1:colcon.colcon_core.package_identification:_identify(log) ignored
[1.377s] Level 1:colcon.colcon_core.package_identification:_identify(src) by extensions ['ignore', 'ignore_ament_install']
[1.377s] Level 1:colcon.colcon_core.package_identification:_identify(src) by extension 'ignore'
[1.377s] Level 1:colcon.colcon_core.package_identification:_identify(src) by extension 'ignore_ament_install'
[1.377s] Level 1:colcon.colcon_core.package_identification:_identify(src) by extensions ['colcon_pkg']
[1.377s] Level 1:colcon.colcon_core.package_identification:_identify(src) by extension 'colcon_pkg'
[1.378s] Level 1:colcon.colcon_core.package_identification:_identify(src) by extensions ['colcon_meta']
[1.378s] Level 1:colcon.colcon_core.package_identification:_identify(src) by extension 'colcon_meta'
[1.378s] Level 1:colcon.colcon_core.package_identification:_identify(src) by extensions ['ros']
[1.378s] Level 1:colcon.colcon_core.package_identification:_identify(src) by extension 'ros'
[1.378s] Level 1:colcon.colcon_core.package_identification:_identify(src) by extensions ['cmake', 'python']
[1.378s] Level 1:colcon.colcon_core.package_identification:_identify(src) by extension 'cmake'
[1.378s] Level 1:colcon.colcon_core.package_identification:_identify(src) by extension 'python'
[1.378s] Level 1:colcon.colcon_core.package_identification:_identify(src) by extensions ['python_setup_py']
[1.378s] Level 1:colcon.colcon_core.package_identification:_identify(src) by extension 'python_setup_py'
[1.378s] Level 1:colcon.colcon_core.package_identification:_identify(src/udm_pioneer_p3dx) by extensions ['ignore', 'ignore_ament_install']
[1.378s] Level 1:colcon.colcon_core.package_identification:_identify(src/udm_pioneer_p3dx) by extension 'ignore'
[1.378s] Level 1:colcon.colcon_core.package_identification:_identify(src/udm_pioneer_p3dx) by extension 'ignore_ament_install'
[1.378s] Level 1:colcon.colcon_core.package_identification:_identify(src/udm_pioneer_p3dx) by extensions ['colcon_pkg']
[1.378s] Level 1:colcon.colcon_core.package_identification:_identify(src/udm_pioneer_p3dx) by extension 'colcon_pkg'
[1.378s] Level 1:colcon.colcon_core.package_identification:_identify(src/udm_pioneer_p3dx) by extensions ['colcon_meta']
[1.378s] Level 1:colcon.colcon_core.package_identification:_identify(src/udm_pioneer_p3dx) by extension 'colcon_meta'
[1.378s] Level 1:colcon.colcon_core.package_identification:_identify(src/udm_pioneer_p3dx) by extensions ['ros']
[1.378s] Level 1:colcon.colcon_core.package_identification:_identify(src/udm_pioneer_p3dx) by extension 'ros'
[1.387s] DEBUG:colcon.colcon_core.package_identification:Package 'src/udm_pioneer_p3dx' with type 'ros.ament_python' and name 'udm_pioneer_p3dx'
[1.387s] Level 1:colcon.colcon_core.package_discovery:discover_packages(recursive) using defaults
[1.387s] Level 1:colcon.colcon_core.package_discovery:discover_packages(ignore) discover
[1.387s] Level 1:colcon.colcon_core.package_discovery:discover_packages(ignore) using defaults
[1.387s] Level 1:colcon.colcon_core.package_discovery:discover_packages(path) discover
[1.387s] Level 1:colcon.colcon_core.package_discovery:discover_packages(path) using defaults
[1.457s] Level 1:colcon.colcon_core.package_discovery:discover_packages(prefix_path) check parameters
[1.458s] Level 1:colcon.colcon_core.package_discovery:discover_packages(prefix_path) discover
[1.459s] DEBUG:colcon.colcon_installed_package_information.package_discovery:Found 1 installed packages in /home/ara/main_ws/install
[1.460s] DEBUG:colcon.colcon_installed_package_information.package_discovery:Found 167 installed packages in /opt/ros/foxy
[1.461s] Level 1:colcon.colcon_core.package_discovery:discover_packages(prefix_path) using defaults
[1.610s] Level 5:colcon.colcon_core.verb:set package 'udm_pioneer_p3dx' build argument 'cmake_args' from command line to 'None'
[1.610s] Level 5:colcon.colcon_core.verb:set package 'udm_pioneer_p3dx' build argument 'cmake_target' from command line to 'None'
[1.610s] Level 5:colcon.colcon_core.verb:set package 'udm_pioneer_p3dx' build argument 'cmake_target_skip_unavailable' from command line to 'False'
[1.610s] Level 5:colcon.colcon_core.verb:set package 'udm_pioneer_p3dx' build argument 'cmake_clean_cache' from command line to 'False'
[1.610s] Level 5:colcon.colcon_core.verb:set package 'udm_pioneer_p3dx' build argument 'cmake_clean_first' from command line to 'False'
[1.610s] Level 5:colcon.colcon_core.verb:set package 'udm_pioneer_p3dx' build argument 'cmake_force_configure' from command line to 'False'
[1.610s] Level 5:colcon.colcon_core.verb:set package 'udm_pioneer_p3dx' build argument 'ament_cmake_args' from command line to 'None'
[1.610s] Level 5:colcon.colcon_core.verb:set package 'udm_pioneer_p3dx' build argument 'catkin_cmake_args' from command line to 'None'
[1.610s] Level 5:colcon.colcon_core.verb:set package 'udm_pioneer_p3dx' build argument 'catkin_skip_building_tests' from command line to 'False'
[1.610s] DEBUG:colcon.colcon_core.verb:Building package 'udm_pioneer_p3dx' with the following arguments: {'ament_cmake_args': None, 'build_base': '/home/ara/main_ws/build/udm_pioneer_p3dx', 'catkin_cmake_args': None, 'catkin_skip_building_tests': False, 'cmake_args': None, 'cmake_clean_cache': False, 'cmake_clean_first': False, 'cmake_force_configure': False, 'cmake_target': None, 'cmake_target_skip_unavailable': False, 'install_base': '/home/ara/main_ws/install/udm_pioneer_p3dx', 'merge_install': False, 'path': '/home/ara/main_ws/src/udm_pioneer_p3dx', 'symlink_install': False, 'test_result_base': None}
[1.610s] INFO:colcon.colcon_core.executor:Executing jobs using 'parallel' executor
[1.613s] DEBUG:colcon.colcon_parallel_executor.executor.parallel:run_until_complete
[1.613s] INFO:colcon.colcon_ros.task.ament_python.build:Building ROS package in '/home/ara/main_ws/src/udm_pioneer_p3dx' with build type 'ament_python'
[1.613s] Level 1:colcon.colcon_core.shell:create_environment_hook('udm_pioneer_p3dx', 'ament_prefix_path')
[1.615s] INFO:colcon.colcon_core.plugin_system:Skipping extension 'colcon_core.shell.bat': Not used on non-Windows systems
[1.624s] INFO:colcon.colcon_core.shell:Creating environment hook '/home/ara/main_ws/install/udm_pioneer_p3dx/share/udm_pioneer_p3dx/hook/ament_prefix_path.ps1'
[1.630s] INFO:colcon.colcon_core.shell:Creating environment descriptor '/home/ara/main_ws/install/udm_pioneer_p3dx/share/udm_pioneer_p3dx/hook/ament_prefix_path.dsv'
[1.631s] INFO:colcon.colcon_core.shell:Creating environment hook '/home/ara/main_ws/install/udm_pioneer_p3dx/share/udm_pioneer_p3dx/hook/ament_prefix_path.sh'
[1.634s] INFO:colcon.colcon_core.shell:Skip shell extension 'powershell' for command environment: Not usable outside of PowerShell
[1.634s] DEBUG:colcon.colcon_core.shell:Skip shell extension 'dsv' for command environment
[2.542s] INFO:colcon.colcon_core.task.python.build:Building Python package in '/home/ara/main_ws/src/udm_pioneer_p3dx'
[2.543s] INFO:colcon.colcon_core.shell:Skip shell extension 'powershell' for command environment: Not usable outside of PowerShell
[2.543s] DEBUG:colcon.colcon_core.shell:Skip shell extension 'dsv' for command environment
[3.786s] DEBUG:colcon.colcon_core.event_handler.log_command:Invoking command in '/home/ara/main_ws/src/udm_pioneer_p3dx': PYTHONPATH=/home/ara/main_ws/build/udm_pioneer_p3dx/prefix_override:/home/ara/main_ws/install/udm_pioneer_p3dx/lib/python3.8/site-packages:${PYTHONPATH} /usr/bin/python3 -W ignore:setup.py install is deprecated setup.py egg_info --egg-base ../../build/udm_pioneer_p3dx build --build-base /home/ara/main_ws/build/udm_pioneer_p3dx/build install --record /home/ara/main_ws/build/udm_pioneer_p3dx/install.log --install-scripts $base/lib/udm_pioneer_p3dx --single-version-externally-managed install_data
[4.616s] Level 1:colcon.colcon_core.environment:checking '/home/ara/main_ws/install/udm_pioneer_p3dx' for CMake module files
[4.617s] DEBUG:colcon.colcon_core.event_handler.log_command:Invoked command in '/home/ara/main_ws/src/udm_pioneer_p3dx' returned '0': PYTHONPATH=/home/ara/main_ws/build/udm_pioneer_p3dx/prefix_override:/home/ara/main_ws/install/udm_pioneer_p3dx/lib/python3.8/site-packages:${PYTHONPATH} /usr/bin/python3 -W ignore:setup.py install is deprecated setup.py egg_info --egg-base ../../build/udm_pioneer_p3dx build --build-base /home/ara/main_ws/build/udm_pioneer_p3dx/build install --record /home/ara/main_ws/build/udm_pioneer_p3dx/install.log --install-scripts $base/lib/udm_pioneer_p3dx --single-version-externally-managed install_data
[4.617s] Level 1:colcon.colcon_core.environment:checking '/home/ara/main_ws/install/udm_pioneer_p3dx' for CMake config files
[4.618s] Level 1:colcon.colcon_core.environment:checking '/home/ara/main_ws/install/udm_pioneer_p3dx/lib'
[4.618s] Level 1:colcon.colcon_core.environment:checking '/home/ara/main_ws/install/udm_pioneer_p3dx/bin'
[4.619s] Level 1:colcon.colcon_core.environment:checking '/home/ara/main_ws/install/udm_pioneer_p3dx/lib/pkgconfig/udm_pioneer_p3dx.pc'
[4.619s] Level 1:colcon.colcon_core.environment:checking '/home/ara/main_ws/install/udm_pioneer_p3dx/lib/python3.8/site-packages'
[4.619s] Level 1:colcon.colcon_core.shell:create_environment_hook('udm_pioneer_p3dx', 'pythonpath')
[4.619s] INFO:colcon.colcon_core.shell:Creating environment hook '/home/ara/main_ws/install/udm_pioneer_p3dx/share/udm_pioneer_p3dx/hook/pythonpath.ps1'
[4.620s] INFO:colcon.colcon_core.shell:Creating environment descriptor '/home/ara/main_ws/install/udm_pioneer_p3dx/share/udm_pioneer_p3dx/hook/pythonpath.dsv'
[4.626s] INFO:colcon.colcon_core.shell:Creating environment hook '/home/ara/main_ws/install/udm_pioneer_p3dx/share/udm_pioneer_p3dx/hook/pythonpath.sh'
[4.627s] Level 1:colcon.colcon_core.environment:checking '/home/ara/main_ws/install/udm_pioneer_p3dx/bin'
[4.628s] Level 1:colcon.colcon_core.environment:create_environment_scripts_only(udm_pioneer_p3dx)
[4.629s] INFO:colcon.colcon_core.shell:Creating package script '/home/ara/main_ws/install/udm_pioneer_p3dx/share/udm_pioneer_p3dx/package.ps1'
[4.634s] INFO:colcon.colcon_core.shell:Creating package descriptor '/home/ara/main_ws/install/udm_pioneer_p3dx/share/udm_pioneer_p3dx/package.dsv'
[4.635s] INFO:colcon.colcon_core.shell:Creating package script '/home/ara/main_ws/install/udm_pioneer_p3dx/share/udm_pioneer_p3dx/package.sh'
[4.635s] INFO:colcon.colcon_core.shell:Creating package script '/home/ara/main_ws/install/udm_pioneer_p3dx/share/udm_pioneer_p3dx/package.bash'
[4.636s] INFO:colcon.colcon_core.shell:Creating package script '/home/ara/main_ws/install/udm_pioneer_p3dx/share/udm_pioneer_p3dx/package.zsh'
[4.639s] Level 1:colcon.colcon_core.environment:create_file_with_runtime_dependencies(/home/ara/main_ws/install/udm_pioneer_p3dx/share/colcon-core/packages/udm_pioneer_p3dx)
[4.640s] DEBUG:colcon.colcon_parallel_executor.executor.parallel:closing loop
[4.640s] DEBUG:colcon.colcon_parallel_executor.executor.parallel:loop closed
[4.640s] DEBUG:colcon.colcon_parallel_executor.executor.parallel:run_until_complete finished with '0'
[4.640s] DEBUG:colcon.colcon_core.event_reactor:joining thread
[4.706s] INFO:colcon.colcon_core.plugin_system:Skipping extension 'colcon_notification.desktop_notification.terminal_notifier': Not used on non-Darwin systems
[4.706s] INFO:colcon.colcon_core.plugin_system:Skipping extension 'colcon_notification.desktop_notification.win32': Not used on non-Windows systems
[4.706s] INFO:colcon.colcon_notification.desktop_notification:Sending desktop notification using 'notify2'
[4.737s] DEBUG:colcon.colcon_core.event_reactor:joined thread
[4.737s] INFO:colcon.colcon_core.shell:Creating prefix script '/home/ara/main_ws/install/local_setup.ps1'
[4.738s] INFO:colcon.colcon_core.shell:Creating prefix util module '/home/ara/main_ws/install/_local_setup_util_ps1.py'
[4.740s] INFO:colcon.colcon_core.shell:Creating prefix chain script '/home/ara/main_ws/install/setup.ps1'
[4.743s] INFO:colcon.colcon_core.shell:Creating prefix script '/home/ara/main_ws/install/local_setup.sh'
[4.743s] INFO:colcon.colcon_core.shell:Creating prefix util module '/home/ara/main_ws/install/_local_setup_util_sh.py'
[4.747s] INFO:colcon.colcon_core.shell:Creating prefix chain script '/home/ara/main_ws/install/setup.sh'
[4.750s] INFO:colcon.colcon_core.shell:Creating prefix script '/home/ara/main_ws/install/local_setup.bash'
[4.750s] INFO:colcon.colcon_core.shell:Creating prefix chain script '/home/ara/main_ws/install/setup.bash'
[4.752s] INFO:colcon.colcon_core.shell:Creating prefix script '/home/ara/main_ws/install/local_setup.zsh'
[4.758s] INFO:colcon.colcon_core.shell:Creating prefix chain script '/home/ara/main_ws/install/setup.zsh'
