/home/greenranger/main_ws/install/udm_pioneer_p3dx/lib/python3.8/site-packages/udm_pioneer_p3dx/__init__.py
/home/greenranger/main_ws/install/udm_pioneer_p3dx/lib/python3.8/site-packages/udm_pioneer_p3dx/__pycache__/__init__.cpython-38.pyc
/home/greenranger/main_ws/install/udm_pioneer_p3dx/share/ament_index/resource_index/packages/udm_pioneer_p3dx
/home/greenranger/main_ws/install/udm_pioneer_p3dx/share/udm_pioneer_p3dx/package.xml
/home/greenranger/main_ws/install/udm_pioneer_p3dx/share/udm_pioneer_p3dx/launch/main44211.launch.py
/home/greenranger/main_ws/install/udm_pioneer_p3dx/share/udm_pioneer_p3dx/worlds/feb2_scenario.world
/home/greenranger/main_ws/install/udm_pioneer_p3dx/share/udm_pioneer_p3dx/urdf/pioneer3dx_1.gazebo.xacro
/home/greenranger/main_ws/install/udm_pioneer_p3dx/share/udm_pioneer_p3dx/urdf/pioneer3dx.xacro
/home/greenranger/main_ws/install/udm_pioneer_p3dx/share/udm_pioneer_p3dx/urdf/materials.xacro
/home/greenranger/main_ws/install/udm_pioneer_p3dx/share/udm_pioneer_p3dx/urdf/pioneer3dx.gazebo.xacro
/home/greenranger/main_ws/install/udm_pioneer_p3dx/share/udm_pioneer_p3dx/urdf/pioneer3dx_wheel.xacro
/home/greenranger/main_ws/install/udm_pioneer_p3dx/share/udm_pioneer_p3dx/p3dx_description/meshes/front_rim.stl
/home/greenranger/main_ws/install/udm_pioneer_p3dx/share/udm_pioneer_p3dx/p3dx_description/meshes/left_wheel.stl
/home/greenranger/main_ws/install/udm_pioneer_p3dx/share/udm_pioneer_p3dx/p3dx_description/meshes/front_sonar.stl
/home/greenranger/main_ws/install/udm_pioneer_p3dx/share/udm_pioneer_p3dx/p3dx_description/meshes/right_hubcap.stl
/home/greenranger/main_ws/install/udm_pioneer_p3dx/share/udm_pioneer_p3dx/p3dx_description/meshes/center_hubcap.stl
/home/greenranger/main_ws/install/udm_pioneer_p3dx/share/udm_pioneer_p3dx/p3dx_description/meshes/top.dae
/home/greenranger/main_ws/install/udm_pioneer_p3dx/share/udm_pioneer_p3dx/p3dx_description/meshes/back_sonar.stl
/home/greenranger/main_ws/install/udm_pioneer_p3dx/share/udm_pioneer_p3dx/p3dx_description/meshes/left_hubcap.stl
/home/greenranger/main_ws/install/udm_pioneer_p3dx/share/udm_pioneer_p3dx/p3dx_description/meshes/chassis.stl
/home/greenranger/main_ws/install/udm_pioneer_p3dx/share/udm_pioneer_p3dx/p3dx_description/meshes/swivel.stl
/home/greenranger/main_ws/install/udm_pioneer_p3dx/share/udm_pioneer_p3dx/p3dx_description/meshes/back_rim.stl
/home/greenranger/main_ws/install/udm_pioneer_p3dx/share/udm_pioneer_p3dx/p3dx_description/meshes/Coordinates
/home/greenranger/main_ws/install/udm_pioneer_p3dx/share/udm_pioneer_p3dx/p3dx_description/meshes/right_wheel.stl
/home/greenranger/main_ws/install/udm_pioneer_p3dx/share/udm_pioneer_p3dx/p3dx_description/meshes/center_wheel.stl
/home/greenranger/main_ws/install/udm_pioneer_p3dx/share/udm_pioneer_p3dx/p3dx_description/meshes/top.stl
/home/greenranger/main_ws/install/udm_pioneer_p3dx/share/udm_pioneer_p3dx/p3dx_description/meshes/lms100.dae
/home/greenranger/main_ws/install/udm_pioneer_p3dx/share/udm_pioneer_p3dx/p3dx_gazebo/move_base_robot3.launch.py
/home/greenranger/main_ws/install/udm_pioneer_p3dx/share/udm_pioneer_p3dx/p3dx_gazebo/robots44211.launch.py
/home/greenranger/main_ws/install/udm_pioneer_p3dx/share/udm_pioneer_p3dx/p3dx_gazebo/one_robot.launch.py
/home/greenranger/main_ws/install/udm_pioneer_p3dx/share/udm_pioneer_p3dx/p3dx_navigation/mult_nav.launch.py
/home/greenranger/main_ws/install/udm_pioneer_p3dx/share/udm_pioneer_p3dx/p3dx_navigation/config/costmap_common_params.yaml
/home/greenranger/main_ws/install/udm_pioneer_p3dx/share/udm_pioneer_p3dx/p3dx_navigation/config/local_costmap_params.yaml
/home/greenranger/main_ws/install/udm_pioneer_p3dx/share/udm_pioneer_p3dx/p3dx_navigation/config/global_costmap_params.yaml
/home/greenranger/main_ws/install/udm_pioneer_p3dx/share/udm_pioneer_p3dx/p3dx_navigation/config/move_base_params.yaml
/home/greenranger/main_ws/install/udm_pioneer_p3dx/lib/python3.8/site-packages/udm_pioneer_p3dx-0.0.0-py3.8.egg-info/SOURCES.txt
/home/greenranger/main_ws/install/udm_pioneer_p3dx/lib/python3.8/site-packages/udm_pioneer_p3dx-0.0.0-py3.8.egg-info/requires.txt
/home/greenranger/main_ws/install/udm_pioneer_p3dx/lib/python3.8/site-packages/udm_pioneer_p3dx-0.0.0-py3.8.egg-info/zip-safe
/home/greenranger/main_ws/install/udm_pioneer_p3dx/lib/python3.8/site-packages/udm_pioneer_p3dx-0.0.0-py3.8.egg-info/dependency_links.txt
/home/greenranger/main_ws/install/udm_pioneer_p3dx/lib/python3.8/site-packages/udm_pioneer_p3dx-0.0.0-py3.8.egg-info/entry_points.txt
/home/greenranger/main_ws/install/udm_pioneer_p3dx/lib/python3.8/site-packages/udm_pioneer_p3dx-0.0.0-py3.8.egg-info/top_level.txt
/home/greenranger/main_ws/install/udm_pioneer_p3dx/lib/python3.8/site-packages/udm_pioneer_p3dx-0.0.0-py3.8.egg-info/PKG-INFO
