[0.463s] Invoking command in '/home/ara/main_ws/src/udm_pioneer_p3dx': PYTHONPATH=/home/ara/main_ws/build/udm_pioneer_p3dx/prefix_override:/home/ara/main_ws/install/udm_pioneer_p3dx/lib/python3.8/site-packages:${PYTHONPATH} /usr/bin/python3 -W ignore:setup.py install is deprecated setup.py egg_info --egg-base ../../build/udm_pioneer_p3dx build --build-base /home/ara/main_ws/build/udm_pioneer_p3dx/build install --record /home/ara/main_ws/build/udm_pioneer_p3dx/install.log --install-scripts $base/lib/udm_pioneer_p3dx --single-version-externally-managed install_data
[0.618s] running egg_info
[0.618s] creating ../../build/udm_pioneer_p3dx/udm_pioneer_p3dx.egg-info
[0.618s] writing ../../build/udm_pioneer_p3dx/udm_pioneer_p3dx.egg-info/PKG-INFO
[0.619s] writing dependency_links to ../../build/udm_pioneer_p3dx/udm_pioneer_p3dx.egg-info/dependency_links.txt
[0.619s] writing entry points to ../../build/udm_pioneer_p3dx/udm_pioneer_p3dx.egg-info/entry_points.txt
[0.619s] writing requirements to ../../build/udm_pioneer_p3dx/udm_pioneer_p3dx.egg-info/requires.txt
[0.619s] writing top-level names to ../../build/udm_pioneer_p3dx/udm_pioneer_p3dx.egg-info/top_level.txt
[0.621s] writing manifest file '../../build/udm_pioneer_p3dx/udm_pioneer_p3dx.egg-info/SOURCES.txt'
[0.652s] reading manifest file '../../build/udm_pioneer_p3dx/udm_pioneer_p3dx.egg-info/SOURCES.txt'
[0.652s] writing manifest file '../../build/udm_pioneer_p3dx/udm_pioneer_p3dx.egg-info/SOURCES.txt'
[0.653s] running build
[0.653s] running build_py
[0.653s] creating /home/ara/main_ws/build/udm_pioneer_p3dx/build
[0.653s] creating /home/ara/main_ws/build/udm_pioneer_p3dx/build/lib
[0.653s] creating /home/ara/main_ws/build/udm_pioneer_p3dx/build/lib/udm_pioneer_p3dx
[0.653s] copying udm_pioneer_p3dx/__init__.py -> /home/ara/main_ws/build/udm_pioneer_p3dx/build/lib/udm_pioneer_p3dx
[0.654s] running install
[0.654s] running install_lib
[0.655s] creating /home/ara/main_ws/install/udm_pioneer_p3dx/lib/python3.8/site-packages/udm_pioneer_p3dx
[0.656s] copying /home/ara/main_ws/build/udm_pioneer_p3dx/build/lib/udm_pioneer_p3dx/__init__.py -> /home/ara/main_ws/install/udm_pioneer_p3dx/lib/python3.8/site-packages/udm_pioneer_p3dx
[0.656s] byte-compiling /home/ara/main_ws/install/udm_pioneer_p3dx/lib/python3.8/site-packages/udm_pioneer_p3dx/__init__.py to __init__.cpython-38.pyc
[0.657s] running install_data
[0.657s] creating /home/ara/main_ws/install/udm_pioneer_p3dx/share/ament_index
[0.658s] creating /home/ara/main_ws/install/udm_pioneer_p3dx/share/ament_index/resource_index
[0.658s] creating /home/ara/main_ws/install/udm_pioneer_p3dx/share/ament_index/resource_index/packages
[0.658s] copying resource/udm_pioneer_p3dx -> /home/ara/main_ws/install/udm_pioneer_p3dx/share/ament_index/resource_index/packages
[0.658s] copying package.xml -> /home/ara/main_ws/install/udm_pioneer_p3dx/share/udm_pioneer_p3dx
[0.658s] creating /home/ara/main_ws/install/udm_pioneer_p3dx/share/udm_pioneer_p3dx/launch
[0.658s] copying launch/main44211.launch.py -> /home/ara/main_ws/install/udm_pioneer_p3dx/share/udm_pioneer_p3dx/launch
[0.659s] creating /home/ara/main_ws/install/udm_pioneer_p3dx/share/udm_pioneer_p3dx/worlds
[0.659s] copying worlds/feb2_scenario.world -> /home/ara/main_ws/install/udm_pioneer_p3dx/share/udm_pioneer_p3dx/worlds
[0.659s] creating /home/ara/main_ws/install/udm_pioneer_p3dx/share/udm_pioneer_p3dx/p3dx_gazebo
[0.659s] running install_egg_info
[0.661s] Copying ../../build/udm_pioneer_p3dx/udm_pioneer_p3dx.egg-info to /home/ara/main_ws/install/udm_pioneer_p3dx/lib/python3.8/site-packages/udm_pioneer_p3dx-0.0.0-py3.8.egg-info
[0.662s] running install_scripts
[0.675s] writing list of installed files to '/home/ara/main_ws/build/udm_pioneer_p3dx/install.log'
[0.695s] Invoked command in '/home/ara/main_ws/src/udm_pioneer_p3dx' returned '0': PYTHONPATH=/home/ara/main_ws/build/udm_pioneer_p3dx/prefix_override:/home/ara/main_ws/install/udm_pioneer_p3dx/lib/python3.8/site-packages:${PYTHONPATH} /usr/bin/python3 -W ignore:setup.py install is deprecated setup.py egg_info --egg-base ../../build/udm_pioneer_p3dx build --build-base /home/ara/main_ws/build/udm_pioneer_p3dx/build install --record /home/ara/main_ws/build/udm_pioneer_p3dx/install.log --install-scripts $base/lib/udm_pioneer_p3dx --single-version-externally-managed install_data
