[0.547s] Invoking command in '/home/ara/main_ws/src/udm_pioneer_p3dx': PYTHONPATH=/home/ara/main_ws/build/udm_pioneer_p3dx/prefix_override:/home/ara/main_ws/install/udm_pioneer_p3dx/lib/python3.8/site-packages:${PYTHONPATH} /usr/bin/python3 -W ignore:setup.py install is deprecated setup.py egg_info --egg-base ../../build/udm_pioneer_p3dx build --build-base /home/ara/main_ws/build/udm_pioneer_p3dx/build install --record /home/ara/main_ws/build/udm_pioneer_p3dx/install.log --install-scripts $base/lib/udm_pioneer_p3dx --single-version-externally-managed install_data
[0.717s] running egg_info
[0.717s] writing ../../build/udm_pioneer_p3dx/udm_pioneer_p3dx.egg-info/PKG-INFO
[0.718s] writing dependency_links to ../../build/udm_pioneer_p3dx/udm_pioneer_p3dx.egg-info/dependency_links.txt
[0.718s] writing entry points to ../../build/udm_pioneer_p3dx/udm_pioneer_p3dx.egg-info/entry_points.txt
[0.718s] writing requirements to ../../build/udm_pioneer_p3dx/udm_pioneer_p3dx.egg-info/requires.txt
[0.719s] writing top-level names to ../../build/udm_pioneer_p3dx/udm_pioneer_p3dx.egg-info/top_level.txt
[0.753s] reading manifest file '../../build/udm_pioneer_p3dx/udm_pioneer_p3dx.egg-info/SOURCES.txt'
[0.755s] writing manifest file '../../build/udm_pioneer_p3dx/udm_pioneer_p3dx.egg-info/SOURCES.txt'
[0.755s] running build
[0.755s] running build_py
[0.755s] running install
[0.756s] running install_lib
[0.758s] running install_data
[0.758s] running install_egg_info
[0.760s] removing '/home/ara/main_ws/install/udm_pioneer_p3dx/lib/python3.8/site-packages/udm_pioneer_p3dx-0.0.0-py3.8.egg-info' (and everything under it)
[0.760s] Copying ../../build/udm_pioneer_p3dx/udm_pioneer_p3dx.egg-info to /home/ara/main_ws/install/udm_pioneer_p3dx/lib/python3.8/site-packages/udm_pioneer_p3dx-0.0.0-py3.8.egg-info
[0.761s] running install_scripts
[0.775s] writing list of installed files to '/home/ara/main_ws/build/udm_pioneer_p3dx/install.log'
[0.794s] Invoked command in '/home/ara/main_ws/src/udm_pioneer_p3dx' returned '0': PYTHONPATH=/home/ara/main_ws/build/udm_pioneer_p3dx/prefix_override:/home/ara/main_ws/install/udm_pioneer_p3dx/lib/python3.8/site-packages:${PYTHONPATH} /usr/bin/python3 -W ignore:setup.py install is deprecated setup.py egg_info --egg-base ../../build/udm_pioneer_p3dx build --build-base /home/ara/main_ws/build/udm_pioneer_p3dx/build install --record /home/ara/main_ws/build/udm_pioneer_p3dx/install.log --install-scripts $base/lib/udm_pioneer_p3dx --single-version-externally-managed install_data
