[0.774s] Invoking command in '/home/ara/main_ws/src/udm_pioneer_p3dx': PYTHONPATH=/home/ara/main_ws/build/udm_pioneer_p3dx/prefix_override:/home/ara/main_ws/install/udm_pioneer_p3dx/lib/python3.8/site-packages:${PYTHONPATH} /usr/bin/python3 -W ignore:setup.py install is deprecated setup.py egg_info --egg-base ../../build/udm_pioneer_p3dx build --build-base /home/ara/main_ws/build/udm_pioneer_p3dx/build install --record /home/ara/main_ws/build/udm_pioneer_p3dx/install.log --install-scripts $base/lib/udm_pioneer_p3dx --single-version-externally-managed install_data
[1.003s] running egg_info
[1.003s] writing ../../build/udm_pioneer_p3dx/udm_pioneer_p3dx.egg-info/PKG-INFO
[1.004s] writing dependency_links to ../../build/udm_pioneer_p3dx/udm_pioneer_p3dx.egg-info/dependency_links.txt
[1.004s] writing entry points to ../../build/udm_pioneer_p3dx/udm_pioneer_p3dx.egg-info/entry_points.txt
[1.005s] writing requirements to ../../build/udm_pioneer_p3dx/udm_pioneer_p3dx.egg-info/requires.txt
[1.005s] writing top-level names to ../../build/udm_pioneer_p3dx/udm_pioneer_p3dx.egg-info/top_level.txt
[1.040s] reading manifest file '../../build/udm_pioneer_p3dx/udm_pioneer_p3dx.egg-info/SOURCES.txt'
[1.041s] writing manifest file '../../build/udm_pioneer_p3dx/udm_pioneer_p3dx.egg-info/SOURCES.txt'
[1.041s] running build
[1.042s] running build_py
[1.042s] running install
[1.043s] running install_lib
[1.044s] running install_data
[1.045s] copying urdf/pioneer3dx.gazebo.xacro -> /home/ara/main_ws/install/udm_pioneer_p3dx/share/udm_pioneer_p3dx/urdf
[1.045s] running install_egg_info
[1.047s] removing '/home/ara/main_ws/install/udm_pioneer_p3dx/lib/python3.8/site-packages/udm_pioneer_p3dx-0.0.0-py3.8.egg-info' (and everything under it)
[1.047s] Copying ../../build/udm_pioneer_p3dx/udm_pioneer_p3dx.egg-info to /home/ara/main_ws/install/udm_pioneer_p3dx/lib/python3.8/site-packages/udm_pioneer_p3dx-0.0.0-py3.8.egg-info
[1.049s] running install_scripts
[1.069s] writing list of installed files to '/home/ara/main_ws/build/udm_pioneer_p3dx/install.log'
[1.093s] Invoked command in '/home/ara/main_ws/src/udm_pioneer_p3dx' returned '0': PYTHONPATH=/home/ara/main_ws/build/udm_pioneer_p3dx/prefix_override:/home/ara/main_ws/install/udm_pioneer_p3dx/lib/python3.8/site-packages:${PYTHONPATH} /usr/bin/python3 -W ignore:setup.py install is deprecated setup.py egg_info --egg-base ../../build/udm_pioneer_p3dx build --build-base /home/ara/main_ws/build/udm_pioneer_p3dx/build install --record /home/ara/main_ws/build/udm_pioneer_p3dx/install.log --install-scripts $base/lib/udm_pioneer_p3dx --single-version-externally-managed install_data
