[0.524s] Invoking command in '/home/ara/main_ws/src/udm_pioneer_p3dx': PYTHONPATH=/home/ara/main_ws/build/udm_pioneer_p3dx/prefix_override:/home/ara/main_ws/install/udm_pioneer_p3dx/lib/python3.8/site-packages:${PYTHONPATH} /usr/bin/python3 -W ignore:setup.py install is deprecated setup.py egg_info --egg-base ../../build/udm_pioneer_p3dx build --build-base /home/ara/main_ws/build/udm_pioneer_p3dx/build install --record /home/ara/main_ws/build/udm_pioneer_p3dx/install.log --install-scripts $base/lib/udm_pioneer_p3dx --single-version-externally-managed install_data
[0.696s] running egg_info
[0.696s] writing ../../build/udm_pioneer_p3dx/udm_pioneer_p3dx.egg-info/PKG-INFO
[0.697s] writing dependency_links to ../../build/udm_pioneer_p3dx/udm_pioneer_p3dx.egg-info/dependency_links.txt
[0.697s] writing entry points to ../../build/udm_pioneer_p3dx/udm_pioneer_p3dx.egg-info/entry_points.txt
[0.697s] writing requirements to ../../build/udm_pioneer_p3dx/udm_pioneer_p3dx.egg-info/requires.txt
[0.697s] writing top-level names to ../../build/udm_pioneer_p3dx/udm_pioneer_p3dx.egg-info/top_level.txt
[0.727s] reading manifest file '../../build/udm_pioneer_p3dx/udm_pioneer_p3dx.egg-info/SOURCES.txt'
[0.728s] writing manifest file '../../build/udm_pioneer_p3dx/udm_pioneer_p3dx.egg-info/SOURCES.txt'
[0.728s] running build
[0.728s] running build_py
[0.729s] running install
[0.729s] running install_lib
[0.731s] running install_data
[0.731s] copying urdf/pioneer3dx_wheel.xacro -> /home/ara/main_ws/install/udm_pioneer_p3dx/share/udm_pioneer_p3dx/urdf
[0.731s] running install_egg_info
[0.733s] removing '/home/ara/main_ws/install/udm_pioneer_p3dx/lib/python3.8/site-packages/udm_pioneer_p3dx-0.0.0-py3.8.egg-info' (and everything under it)
[0.733s] Copying ../../build/udm_pioneer_p3dx/udm_pioneer_p3dx.egg-info to /home/ara/main_ws/install/udm_pioneer_p3dx/lib/python3.8/site-packages/udm_pioneer_p3dx-0.0.0-py3.8.egg-info
[0.734s] running install_scripts
[0.756s] writing list of installed files to '/home/ara/main_ws/build/udm_pioneer_p3dx/install.log'
[0.774s] Invoked command in '/home/ara/main_ws/src/udm_pioneer_p3dx' returned '0': PYTHONPATH=/home/ara/main_ws/build/udm_pioneer_p3dx/prefix_override:/home/ara/main_ws/install/udm_pioneer_p3dx/lib/python3.8/site-packages:${PYTHONPATH} /usr/bin/python3 -W ignore:setup.py install is deprecated setup.py egg_info --egg-base ../../build/udm_pioneer_p3dx build --build-base /home/ara/main_ws/build/udm_pioneer_p3dx/build install --record /home/ara/main_ws/build/udm_pioneer_p3dx/install.log --install-scripts $base/lib/udm_pioneer_p3dx --single-version-externally-managed install_data
