[2.261s] Invoking command in '/home/greenranger/main_ws/src/udm_pioneer_p3dx': PYTHONPATH=/home/greenranger/main_ws/build/udm_pioneer_p3dx/prefix_override:/home/greenranger/main_ws/install/udm_pioneer_p3dx/lib/python3.8/site-packages:${PYTHONPATH} /usr/bin/python3 -W ignore:setup.py install is deprecated setup.py egg_info --egg-base ../../build/udm_pioneer_p3dx build --build-base /home/greenranger/main_ws/build/udm_pioneer_p3dx/build install --record /home/greenranger/main_ws/build/udm_pioneer_p3dx/install.log --install-scripts $base/lib/udm_pioneer_p3dx --single-version-externally-managed install_data
[2.625s] running egg_info
[2.625s] writing ../../build/udm_pioneer_p3dx/udm_pioneer_p3dx.egg-info/PKG-INFO
[2.625s] writing dependency_links to ../../build/udm_pioneer_p3dx/udm_pioneer_p3dx.egg-info/dependency_links.txt
[2.625s] writing entry points to ../../build/udm_pioneer_p3dx/udm_pioneer_p3dx.egg-info/entry_points.txt
[2.625s] writing requirements to ../../build/udm_pioneer_p3dx/udm_pioneer_p3dx.egg-info/requires.txt
[2.627s] writing top-level names to ../../build/udm_pioneer_p3dx/udm_pioneer_p3dx.egg-info/top_level.txt
[2.689s] reading manifest file '../../build/udm_pioneer_p3dx/udm_pioneer_p3dx.egg-info/SOURCES.txt'
[2.690s] writing manifest file '../../build/udm_pioneer_p3dx/udm_pioneer_p3dx.egg-info/SOURCES.txt'
[2.706s] running build
[2.706s] running build_py
[2.706s] running install
[2.706s] running install_lib
[2.706s] running install_data
[2.706s] running install_egg_info
[2.707s] removing '/home/greenranger/main_ws/install/udm_pioneer_p3dx/lib/python3.8/site-packages/udm_pioneer_p3dx-0.0.0-py3.8.egg-info' (and everything under it)
[2.721s] Copying ../../build/udm_pioneer_p3dx/udm_pioneer_p3dx.egg-info to /home/greenranger/main_ws/install/udm_pioneer_p3dx/lib/python3.8/site-packages/udm_pioneer_p3dx-0.0.0-py3.8.egg-info
[2.726s] running install_scripts
[2.853s] writing list of installed files to '/home/greenranger/main_ws/build/udm_pioneer_p3dx/install.log'
[2.948s] Invoked command in '/home/greenranger/main_ws/src/udm_pioneer_p3dx' returned '0': PYTHONPATH=/home/greenranger/main_ws/build/udm_pioneer_p3dx/prefix_override:/home/greenranger/main_ws/install/udm_pioneer_p3dx/lib/python3.8/site-packages:${PYTHONPATH} /usr/bin/python3 -W ignore:setup.py install is deprecated setup.py egg_info --egg-base ../../build/udm_pioneer_p3dx build --build-base /home/greenranger/main_ws/build/udm_pioneer_p3dx/build install --record /home/greenranger/main_ws/build/udm_pioneer_p3dx/install.log --install-scripts $base/lib/udm_pioneer_p3dx --single-version-externally-managed install_data
