[0.265s] DEBUG:colcon:Command line arguments: ['/usr/bin/colcon', 'build']
[0.265s] DEBUG:colcon:Parsed command line arguments: Namespace(allow_overriding=[], ament_cmake_args=None, base_paths=['.'], build_base='build', catkin_cmake_args=None, catkin_skip_building_tests=False, cmake_args=None, cmake_clean_cache=False, cmake_clean_first=False, cmake_force_configure=False, cmake_target=None, cmake_target_skip_unavailable=False, continue_on_error=False, event_handlers=None, executor='parallel', ignore_user_meta=False, install_base='install', log_base=None, log_level=None, main=<bound method BuildVerb.main of <colcon_core.verb.build.BuildVerb object at 0x7f1c77e080a0>>, merge_install=False, metas=['./colcon.meta'], mixin=None, mixin_files=None, mixin_verb=('build',), packages_above=None, packages_above_and_dependencies=None, packages_above_depth=None, packages_end=None, packages_ignore=None, packages_ignore_regex=None, packages_select=None, packages_select_build_failed=False, packages_select_by_dep=None, packages_select_regex=None, packages_select_test_failures=False, packages_skip=None, packages_skip_build_finished=False, packages_skip_by_dep=None, packages_skip_regex=None, packages_skip_test_passed=False, packages_skip_up_to=None, packages_start=None, packages_up_to=None, packages_up_to_regex=None, parallel_workers=1, paths=None, symlink_install=False, test_result_base=None, verb_extension=<colcon_core.verb.build.BuildVerb object at 0x7f1c77e080a0>, verb_name='build', verb_parser=<colcon_mixin.mixin.mixin_argument.MixinArgumentDecorator object at 0x7f1c77ce23d0>)
[0.422s] Level 1:colcon.colcon_core.package_discovery:discover_packages(colcon_meta) check parameters
[0.422s] Level 1:colcon.colcon_core.package_discovery:discover_packages(recursive) check parameters
[0.422s] Level 1:colcon.colcon_core.package_discovery:discover_packages(ignore) check parameters
[0.423s] Level 1:colcon.colcon_core.package_discovery:discover_packages(path) check parameters
[0.423s] Level 1:colcon.colcon_core.package_discovery:discover_packages(colcon_meta) discover
[0.423s] Level 1:colcon.colcon_core.package_discovery:discover_packages(recursive) discover
[0.423s] INFO:colcon.colcon_core.package_discovery:Crawling recursively for packages in '/home/ara/main_ws'
[0.423s] Level 1:colcon.colcon_core.package_identification:_identify(.) by extensions ['ignore', 'ignore_ament_install']
[0.423s] Level 1:colcon.colcon_core.package_identification:_identify(.) by extension 'ignore'
[0.423s] Level 1:colcon.colcon_core.package_identification:_identify(.) by extension 'ignore_ament_install'
[0.423s] Level 1:colcon.colcon_core.package_identification:_identify(.) by extensions ['colcon_pkg']
[0.424s] Level 1:colcon.colcon_core.package_identification:_identify(.) by extension 'colcon_pkg'
[0.424s] Level 1:colcon.colcon_core.package_identification:_identify(.) by extensions ['colcon_meta']
[0.424s] Level 1:colcon.colcon_core.package_identification:_identify(.) by extension 'colcon_meta'
[0.424s] Level 1:colcon.colcon_core.package_identification:_identify(.) by extensions ['ros']
[0.424s] Level 1:colcon.colcon_core.package_identification:_identify(.) by extension 'ros'
[0.435s] Level 1:colcon.colcon_core.package_identification:_identify(.) by extensions ['cmake', 'python']
[0.435s] Level 1:colcon.colcon_core.package_identification:_identify(.) by extension 'cmake'
[0.435s] Level 1:colcon.colcon_core.package_identification:_identify(.) by extension 'python'
[0.436s] Level 1:colcon.colcon_core.package_identification:_identify(.) by extensions ['python_setup_py']
[0.436s] Level 1:colcon.colcon_core.package_identification:_identify(.) by extension 'python_setup_py'
[0.436s] Level 1:colcon.colcon_core.package_identification:_identify(build) by extensions ['ignore', 'ignore_ament_install']
[0.436s] Level 1:colcon.colcon_core.package_identification:_identify(build) by extension 'ignore'
[0.437s] Level 1:colcon.colcon_core.package_identification:_identify(build) ignored
[0.437s] Level 1:colcon.colcon_core.package_identification:_identify(install) by extensions ['ignore', 'ignore_ament_install']
[0.437s] Level 1:colcon.colcon_core.package_identification:_identify(install) by extension 'ignore'
[0.437s] Level 1:colcon.colcon_core.package_identification:_identify(install) ignored
[0.438s] Level 1:colcon.colcon_core.package_identification:_identify(log) by extensions ['ignore', 'ignore_ament_install']
[0.438s] Level 1:colcon.colcon_core.package_identification:_identify(log) by extension 'ignore'
[0.438s] Level 1:colcon.colcon_core.package_identification:_identify(log) ignored
[0.439s] Level 1:colcon.colcon_core.package_identification:_identify(src) by extensions ['ignore', 'ignore_ament_install']
[0.439s] Level 1:colcon.colcon_core.package_identification:_identify(src) by extension 'ignore'
[0.439s] Level 1:colcon.colcon_core.package_identification:_identify(src) by extension 'ignore_ament_install'
[0.439s] Level 1:colcon.colcon_core.package_identification:_identify(src) by extensions ['colcon_pkg']
[0.439s] Level 1:colcon.colcon_core.package_identification:_identify(src) by extension 'colcon_pkg'
[0.439s] Level 1:colcon.colcon_core.package_identification:_identify(src) by extensions ['colcon_meta']
[0.439s] Level 1:colcon.colcon_core.package_identification:_identify(src) by extension 'colcon_meta'
[0.440s] Level 1:colcon.colcon_core.package_identification:_identify(src) by extensions ['ros']
[0.440s] Level 1:colcon.colcon_core.package_identification:_identify(src) by extension 'ros'
[0.440s] Level 1:colcon.colcon_core.package_identification:_identify(src) by extensions ['cmake', 'python']
[0.440s] Level 1:colcon.colcon_core.package_identification:_identify(src) by extension 'cmake'
[0.440s] Level 1:colcon.colcon_core.package_identification:_identify(src) by extension 'python'
[0.440s] Level 1:colcon.colcon_core.package_identification:_identify(src) by extensions ['python_setup_py']
[0.440s] Level 1:colcon.colcon_core.package_identification:_identify(src) by extension 'python_setup_py'
[0.441s] Level 1:colcon.colcon_core.package_identification:_identify(src/udm_pioneer_p3dx) by extensions ['ignore', 'ignore_ament_install']
[0.441s] Level 1:colcon.colcon_core.package_identification:_identify(src/udm_pioneer_p3dx) by extension 'ignore'
[0.441s] Level 1:colcon.colcon_core.package_identification:_identify(src/udm_pioneer_p3dx) by extension 'ignore_ament_install'
[0.441s] Level 1:colcon.colcon_core.package_identification:_identify(src/udm_pioneer_p3dx) by extensions ['colcon_pkg']
[0.441s] Level 1:colcon.colcon_core.package_identification:_identify(src/udm_pioneer_p3dx) by extension 'colcon_pkg'
[0.441s] Level 1:colcon.colcon_core.package_identification:_identify(src/udm_pioneer_p3dx) by extensions ['colcon_meta']
[0.441s] Level 1:colcon.colcon_core.package_identification:_identify(src/udm_pioneer_p3dx) by extension 'colcon_meta'
[0.442s] Level 1:colcon.colcon_core.package_identification:_identify(src/udm_pioneer_p3dx) by extensions ['ros']
[0.442s] Level 1:colcon.colcon_core.package_identification:_identify(src/udm_pioneer_p3dx) by extension 'ros'
[0.444s] DEBUG:colcon.colcon_core.package_identification:Package 'src/udm_pioneer_p3dx' with type 'ros.ament_python' and name 'udm_pioneer_p3dx'
[0.444s] Level 1:colcon.colcon_core.package_discovery:discover_packages(recursive) using defaults
[0.444s] Level 1:colcon.colcon_core.package_discovery:discover_packages(ignore) discover
[0.444s] Level 1:colcon.colcon_core.package_discovery:discover_packages(ignore) using defaults
[0.444s] Level 1:colcon.colcon_core.package_discovery:discover_packages(path) discover
[0.444s] Level 1:colcon.colcon_core.package_discovery:discover_packages(path) using defaults
[0.460s] Level 1:colcon.colcon_core.package_discovery:discover_packages(prefix_path) check parameters
[0.460s] Level 1:colcon.colcon_core.package_discovery:discover_packages(prefix_path) discover
[0.461s] DEBUG:colcon.colcon_installed_package_information.package_discovery:Found 1 installed packages in /home/ara/main_ws/install
[0.462s] DEBUG:colcon.colcon_installed_package_information.package_discovery:Found 221 installed packages in /opt/ros/foxy
[0.464s] Level 1:colcon.colcon_core.package_discovery:discover_packages(prefix_path) using defaults
[0.530s] Level 5:colcon.colcon_core.verb:set package 'udm_pioneer_p3dx' build argument 'cmake_args' from command line to 'None'
[0.530s] Level 5:colcon.colcon_core.verb:set package 'udm_pioneer_p3dx' build argument 'cmake_target' from command line to 'None'
[0.530s] Level 5:colcon.colcon_core.verb:set package 'udm_pioneer_p3dx' build argument 'cmake_target_skip_unavailable' from command line to 'False'
[0.531s] Level 5:colcon.colcon_core.verb:set package 'udm_pioneer_p3dx' build argument 'cmake_clean_cache' from command line to 'False'
[0.531s] Level 5:colcon.colcon_core.verb:set package 'udm_pioneer_p3dx' build argument 'cmake_clean_first' from command line to 'False'
[0.531s] Level 5:colcon.colcon_core.verb:set package 'udm_pioneer_p3dx' build argument 'cmake_force_configure' from command line to 'False'
[0.531s] Level 5:colcon.colcon_core.verb:set package 'udm_pioneer_p3dx' build argument 'ament_cmake_args' from command line to 'None'
[0.531s] Level 5:colcon.colcon_core.verb:set package 'udm_pioneer_p3dx' build argument 'catkin_cmake_args' from command line to 'None'
[0.531s] Level 5:colcon.colcon_core.verb:set package 'udm_pioneer_p3dx' build argument 'catkin_skip_building_tests' from command line to 'False'
[0.531s] DEBUG:colcon.colcon_core.verb:Building package 'udm_pioneer_p3dx' with the following arguments: {'ament_cmake_args': None, 'build_base': '/home/ara/main_ws/build/udm_pioneer_p3dx', 'catkin_cmake_args': None, 'catkin_skip_building_tests': False, 'cmake_args': None, 'cmake_clean_cache': False, 'cmake_clean_first': False, 'cmake_force_configure': False, 'cmake_target': None, 'cmake_target_skip_unavailable': False, 'install_base': '/home/ara/main_ws/install/udm_pioneer_p3dx', 'merge_install': False, 'path': '/home/ara/main_ws/src/udm_pioneer_p3dx', 'symlink_install': False, 'test_result_base': None}
[0.531s] INFO:colcon.colcon_core.executor:Executing jobs using 'parallel' executor
[0.532s] DEBUG:colcon.colcon_parallel_executor.executor.parallel:run_until_complete
[0.533s] INFO:colcon.colcon_ros.task.ament_python.build:Building ROS package in '/home/ara/main_ws/src/udm_pioneer_p3dx' with build type 'ament_python'
[0.533s] Level 1:colcon.colcon_core.shell:create_environment_hook('udm_pioneer_p3dx', 'ament_prefix_path')
[0.536s] INFO:colcon.colcon_core.plugin_system:Skipping extension 'colcon_core.shell.bat': Not used on non-Windows systems
[0.539s] INFO:colcon.colcon_core.shell:Creating environment hook '/home/ara/main_ws/install/udm_pioneer_p3dx/share/udm_pioneer_p3dx/hook/ament_prefix_path.ps1'
[0.540s] INFO:colcon.colcon_core.shell:Creating environment descriptor '/home/ara/main_ws/install/udm_pioneer_p3dx/share/udm_pioneer_p3dx/hook/ament_prefix_path.dsv'
[0.541s] INFO:colcon.colcon_core.shell:Creating environment hook '/home/ara/main_ws/install/udm_pioneer_p3dx/share/udm_pioneer_p3dx/hook/ament_prefix_path.sh'
[0.542s] INFO:colcon.colcon_core.shell:Skip shell extension 'powershell' for command environment: Not usable outside of PowerShell
[0.542s] DEBUG:colcon.colcon_core.shell:Skip shell extension 'dsv' for command environment
[0.915s] INFO:colcon.colcon_core.task.python.build:Building Python package in '/home/ara/main_ws/src/udm_pioneer_p3dx'
[0.916s] INFO:colcon.colcon_core.shell:Skip shell extension 'powershell' for command environment: Not usable outside of PowerShell
[0.916s] DEBUG:colcon.colcon_core.shell:Skip shell extension 'dsv' for command environment
[1.826s] DEBUG:colcon.colcon_core.event_handler.log_command:Invoking command in '/home/ara/main_ws/src/udm_pioneer_p3dx': PYTHONPATH=/home/ara/main_ws/build/udm_pioneer_p3dx/prefix_override:/home/ara/main_ws/install/udm_pioneer_p3dx/lib/python3.8/site-packages:${PYTHONPATH} /usr/bin/python3 -W ignore:setup.py install is deprecated setup.py egg_info --egg-base ../../build/udm_pioneer_p3dx build --build-base /home/ara/main_ws/build/udm_pioneer_p3dx/build install --record /home/ara/main_ws/build/udm_pioneer_p3dx/install.log --install-scripts $base/lib/udm_pioneer_p3dx --single-version-externally-managed install_data
[2.365s] DEBUG:colcon.colcon_core.event_handler.log_command:Invoked command in '/home/ara/main_ws/src/udm_pioneer_p3dx' returned '0': PYTHONPATH=/home/ara/main_ws/build/udm_pioneer_p3dx/prefix_override:/home/ara/main_ws/install/udm_pioneer_p3dx/lib/python3.8/site-packages:${PYTHONPATH} /usr/bin/python3 -W ignore:setup.py install is deprecated setup.py egg_info --egg-base ../../build/udm_pioneer_p3dx build --build-base /home/ara/main_ws/build/udm_pioneer_p3dx/build install --record /home/ara/main_ws/build/udm_pioneer_p3dx/install.log --install-scripts $base/lib/udm_pioneer_p3dx --single-version-externally-managed install_data
[2.365s] Level 1:colcon.colcon_core.environment:checking '/home/ara/main_ws/install/udm_pioneer_p3dx' for CMake module files
[2.367s] Level 1:colcon.colcon_core.environment:checking '/home/ara/main_ws/install/udm_pioneer_p3dx' for CMake config files
[2.368s] Level 1:colcon.colcon_core.environment:checking '/home/ara/main_ws/install/udm_pioneer_p3dx/lib'
[2.368s] Level 1:colcon.colcon_core.environment:checking '/home/ara/main_ws/install/udm_pioneer_p3dx/bin'
[2.368s] Level 1:colcon.colcon_core.environment:checking '/home/ara/main_ws/install/udm_pioneer_p3dx/lib/pkgconfig/udm_pioneer_p3dx.pc'
[2.369s] Level 1:colcon.colcon_core.environment:checking '/home/ara/main_ws/install/udm_pioneer_p3dx/lib/python3.8/site-packages'
[2.369s] Level 1:colcon.colcon_core.shell:create_environment_hook('udm_pioneer_p3dx', 'pythonpath')
[2.369s] INFO:colcon.colcon_core.shell:Creating environment hook '/home/ara/main_ws/install/udm_pioneer_p3dx/share/udm_pioneer_p3dx/hook/pythonpath.ps1'
[2.370s] INFO:colcon.colcon_core.shell:Creating environment descriptor '/home/ara/main_ws/install/udm_pioneer_p3dx/share/udm_pioneer_p3dx/hook/pythonpath.dsv'
[2.371s] INFO:colcon.colcon_core.shell:Creating environment hook '/home/ara/main_ws/install/udm_pioneer_p3dx/share/udm_pioneer_p3dx/hook/pythonpath.sh'
[2.372s] Level 1:colcon.colcon_core.environment:checking '/home/ara/main_ws/install/udm_pioneer_p3dx/bin'
[2.372s] Level 1:colcon.colcon_core.environment:create_environment_scripts_only(udm_pioneer_p3dx)
[2.373s] INFO:colcon.colcon_core.shell:Creating package script '/home/ara/main_ws/install/udm_pioneer_p3dx/share/udm_pioneer_p3dx/package.ps1'
[2.374s] INFO:colcon.colcon_core.shell:Creating package descriptor '/home/ara/main_ws/install/udm_pioneer_p3dx/share/udm_pioneer_p3dx/package.dsv'
[2.374s] INFO:colcon.colcon_core.shell:Creating package script '/home/ara/main_ws/install/udm_pioneer_p3dx/share/udm_pioneer_p3dx/package.sh'
[2.375s] INFO:colcon.colcon_core.shell:Creating package script '/home/ara/main_ws/install/udm_pioneer_p3dx/share/udm_pioneer_p3dx/package.bash'
[2.376s] INFO:colcon.colcon_core.shell:Creating package script '/home/ara/main_ws/install/udm_pioneer_p3dx/share/udm_pioneer_p3dx/package.zsh'
[2.379s] Level 1:colcon.colcon_core.environment:create_file_with_runtime_dependencies(/home/ara/main_ws/install/udm_pioneer_p3dx/share/colcon-core/packages/udm_pioneer_p3dx)
[2.380s] DEBUG:colcon.colcon_parallel_executor.executor.parallel:closing loop
[2.380s] DEBUG:colcon.colcon_parallel_executor.executor.parallel:loop closed
[2.381s] DEBUG:colcon.colcon_parallel_executor.executor.parallel:run_until_complete finished with '0'
[2.381s] DEBUG:colcon.colcon_core.event_reactor:joining thread
[2.391s] INFO:colcon.colcon_core.plugin_system:Skipping extension 'colcon_notification.desktop_notification.terminal_notifier': Not used on non-Darwin systems
[2.394s] INFO:colcon.colcon_core.plugin_system:Skipping extension 'colcon_notification.desktop_notification.win32': Not used on non-Windows systems
[2.394s] INFO:colcon.colcon_notification.desktop_notification:Sending desktop notification using 'notify2'
[2.422s] DEBUG:colcon.colcon_core.event_reactor:joined thread
[2.423s] INFO:colcon.colcon_core.shell:Creating prefix script '/home/ara/main_ws/install/local_setup.ps1'
[2.423s] INFO:colcon.colcon_core.shell:Creating prefix util module '/home/ara/main_ws/install/_local_setup_util_ps1.py'
[2.425s] INFO:colcon.colcon_core.shell:Creating prefix chain script '/home/ara/main_ws/install/setup.ps1'
[2.427s] INFO:colcon.colcon_core.shell:Creating prefix script '/home/ara/main_ws/install/local_setup.sh'
[2.427s] INFO:colcon.colcon_core.shell:Creating prefix util module '/home/ara/main_ws/install/_local_setup_util_sh.py'
[2.428s] INFO:colcon.colcon_core.shell:Creating prefix chain script '/home/ara/main_ws/install/setup.sh'
[2.429s] INFO:colcon.colcon_core.shell:Creating prefix script '/home/ara/main_ws/install/local_setup.bash'
[2.434s] INFO:colcon.colcon_core.shell:Creating prefix chain script '/home/ara/main_ws/install/setup.bash'
[2.441s] INFO:colcon.colcon_core.shell:Creating prefix script '/home/ara/main_ws/install/local_setup.zsh'
[2.442s] INFO:colcon.colcon_core.shell:Creating prefix chain script '/home/ara/main_ws/install/setup.zsh'
